<?xml version="1.0" encoding="UTF-8"?>
<!-- Generated by org.testng.reporters.JUnitReportReporter -->
<testsuite hostname="DESKTOP-JO4S889" failures="0" tests="2" name="saurabh_Automation.saurabh_Automation.practice1" time="5.580" errors="0" timestamp="12 Mar 2022 11:58:36 GMT" skipped="0">
  <testcase classname="saurabh_Automation.saurabh_Automation.practice1" name="setup" time="2.381"/>
  <testcase classname="saurabh_Automation.saurabh_Automation.practice1" name="doublefor" time="3.199"/>
</testsuite> <!-- saurabh_Automation.saurabh_Automation.practice1 -->
