<?xml version="1.0" encoding="UTF-8"?>
<!-- Generated by org.testng.reporters.JUnitReportReporter -->
<testsuite hostname="DESKTOP-JO4S889" failures="0" tests="2" name="saurabh_Automation.saurabh_Automation.checkbox" time="8.247" errors="0" timestamp="23 Mar 2022 10:12:49 GMT" skipped="0">
  <testcase classname="saurabh_Automation.saurabh_Automation.checkbox" name="setup" time="7.998"/>
  <testcase classname="saurabh_Automation.saurabh_Automation.checkbox" name="chec1" time="0.249"/>
</testsuite> <!-- saurabh_Automation.saurabh_Automation.checkbox -->
