<?xml version="1.0" encoding="UTF-8"?>
<!-- Generated by org.testng.reporters.JUnitReportReporter -->
<testsuite hostname="DESKTOP-JO4S889" failures="0" tests="2" name="saurabh_Automation.saurabh_Automation.Alllinks" time="14.863" errors="0" timestamp="01 Mar 2022 08:47:00 GMT" skipped="0">
  <testcase classname="saurabh_Automation.saurabh_Automation.Alllinks" name="setup" time="13.792"/>
  <testcase classname="saurabh_Automation.saurabh_Automation.Alllinks" name="linkTest" time="1.071"/>
</testsuite> <!-- saurabh_Automation.saurabh_Automation.Alllinks -->
