<?xml version="1.0" encoding="UTF-8"?>
<!-- Generated by org.testng.reporters.JUnitReportReporter -->
<testsuite hostname="DESKTOP-JO4S889" failures="0" tests="2" name="saurabh_Automation.saurabh_Automation.dropdown" time="5.963" errors="0" timestamp="02 Mar 2022 04:59:47 GMT" skipped="0">
  <testcase classname="saurabh_Automation.saurabh_Automation.dropdown" name="setup" time="5.700"/>
  <testcase classname="saurabh_Automation.saurabh_Automation.dropdown" name="dropdow" time="0.263"/>
</testsuite> <!-- saurabh_Automation.saurabh_Automation.dropdown -->
