<?xml version="1.0" encoding="UTF-8"?>
<!-- Generated by org.testng.reporters.JUnitReportReporter -->
<testsuite hostname="DESKTOP-JO4S889" failures="0" tests="2" name="saurabh_Automation.saurabh_Automation.links" time="6.075" errors="0" timestamp="12 Mar 2022 12:06:42 GMT" skipped="0">
  <testcase classname="saurabh_Automation.saurabh_Automation.links" name="setup" time="2.336"/>
  <testcase classname="saurabh_Automation.saurabh_Automation.links" name="addSelected" time="3.739"/>
</testsuite> <!-- saurabh_Automation.saurabh_Automation.links -->
