<?xml version="1.0" encoding="UTF-8"?>
<!-- Generated by org.testng.reporters.JUnitReportReporter -->
<testsuite hostname="DESKTOP-JO4S889" failures="0" tests="2" name="saurabh_Automation.saurabh_Automation.practice3" time="4.095" errors="0" timestamp="13 Mar 2022 07:16:50 GMT" skipped="0">
  <testcase classname="saurabh_Automation.saurabh_Automation.practice3" name="setup" time="2.227"/>
  <testcase classname="saurabh_Automation.saurabh_Automation.practice3" name="prices" time="1.868"/>
</testsuite> <!-- saurabh_Automation.saurabh_Automation.practice3 -->
