<?xml version="1.0" encoding="UTF-8"?>
<!-- Generated by org.testng.reporters.JUnitReportReporter -->
<testsuite hostname="DESKTOP-JO4S889" failures="0" tests="2" name="saurabh_Automation.saurabh_Automation.textinlink" time="11.774" errors="0" timestamp="01 Mar 2022 09:28:29 GMT" skipped="0">
  <testcase classname="saurabh_Automation.saurabh_Automation.textinlink" name="setup" time="11.028"/>
  <testcase classname="saurabh_Automation.saurabh_Automation.textinlink" name="text" time="0.746"/>
</testsuite> <!-- saurabh_Automation.saurabh_Automation.textinlink -->
