<?xml version="1.0" encoding="UTF-8"?>
<!-- Generated by org.testng.reporters.JUnitReportReporter -->
<testsuite hostname="DESKTOP-JO4S889" failures="0" tests="2" name="saurabh_Automation.saurabh_Automation.practice2" time="3.444" errors="0" timestamp="12 Mar 2022 13:16:30 GMT" skipped="0">
  <testcase classname="saurabh_Automation.saurabh_Automation.practice2" name="setup" time="3.384"/>
  <testcase classname="saurabh_Automation.saurabh_Automation.practice2" name="clicke" time="0.060"/>
</testsuite> <!-- saurabh_Automation.saurabh_Automation.practice2 -->
