<?xml version="1.0" encoding="UTF-8"?>
<!-- Generated by org.testng.reporters.JUnitReportReporter -->
<testsuite hostname="DESKTOP-JO4S889" failures="0" tests="2" name="saurabh_Automation.saurabh_Automation.whileloop" time="4.682" errors="0" timestamp="09 Mar 2022 09:45:22 GMT" skipped="0">
  <testcase classname="saurabh_Automation.saurabh_Automation.whileloop" name="setup" time="4.176"/>
  <testcase classname="saurabh_Automation.saurabh_Automation.whileloop" name="w1" time="0.506"/>
</testsuite> <!-- saurabh_Automation.saurabh_Automation.whileloop -->
