<?xml version="1.0" encoding="UTF-8"?>
<!-- Generated by org.testng.reporters.JUnitReportReporter -->
<testsuite hostname="DESKTOP-JO4S889" failures="0" tests="3" name="saurabh_Automation.saurabh_Automation.amazon" time="7.656" errors="0" timestamp="08 Mar 2022 04:37:33 GMT" skipped="0">
  <testcase classname="saurabh_Automation.saurabh_Automation.amazon" name="setup" time="5.267"/>
  <testcase classname="saurabh_Automation.saurabh_Automation.amazon" name="amez1" time="1.838"/>
  <testcase classname="saurabh_Automation.saurabh_Automation.amazon" name="amaz" time="0.551"/>
</testsuite> <!-- saurabh_Automation.saurabh_Automation.amazon -->
