<?xml version="1.0" encoding="UTF-8"?>
<!-- Generated by org.testng.reporters.JUnitReportReporter -->
<testsuite hostname="DESKTOP-JO4S889" failures="0" tests="2" name="saurabh_Automation.saurabh_Automation.Table" time="6.678" errors="0" timestamp="07 Mar 2022 10:08:07 GMT" skipped="0">
  <testcase classname="saurabh_Automation.saurabh_Automation.Table" name="setup" time="6.594"/>
  <testcase classname="saurabh_Automation.saurabh_Automation.Table" name="lastIndexOfTable" time="0.084"/>
</testsuite> <!-- saurabh_Automation.saurabh_Automation.Table -->
